0 info it worked if it ends with ok
1 verbose cli [ '/Users/mingderwang/.nvm/versions/node/v6.10.2/bin/node',
1 verbose cli   '/Users/mingderwang/.nvm/versions/node/v6.10.2/bin/npm',
1 verbose cli   'start' ]
2 info using npm@3.10.10
3 info using node@v6.10.2
4 verbose run-script [ 'prestart', 'start', 'poststart' ]
5 info lifecycle kibana-react-d3-app@0.0.1~prestart: kibana-react-d3-app@0.0.1
6 silly lifecycle kibana-react-d3-app@0.0.1~prestart: no script for prestart, continuing
7 info lifecycle kibana-react-d3-app@0.0.1~start: kibana-react-d3-app@0.0.1
8 verbose lifecycle kibana-react-d3-app@0.0.1~start: unsafe-perm in lifecycle true
9 verbose lifecycle kibana-react-d3-app@0.0.1~start: PATH: /Users/mingderwang/.nvm/versions/node/v6.10.2/lib/node_modules/npm/bin/node-gyp-bin:/Users/mingderwang/src/turboteam/yo/kibana-react-d3-app/node_modules/.bin:/Users/mingderwang/.rvm/gems/ruby-2.3.1/bin:/Users/mingderwang/.rvm/gems/ruby-2.3.1@global/bin:/Users/mingderwang/.rvm/rubies/ruby-2.3.1/bin:/Users/mingderwang/.nvm/versions/node/v6.10.2/bin:/usr/local/opt/ansible@2.0/bin:/Users/mingderwang/logstash-5.2.2/bin:./node_modules/.bin:/Users/mingderwang/src/redux/redux-cycles/example/node_modules/.bin:/Users/mingderwang/.cargo/bin:/usr/local/apache-maven-3.3.9/bin:/usr/local/s3cmd-1.6.1:/usr/local/topbeat-1.3.1-darwin:/Users/mingderwang/google-cloud-sdk/bin:/Users/mingderwang/.cargo/bin:/usr/bin:/bin:/usr/sbin:/sbin:/usr/local/bin:/usr/local/go/bin:/Users/mingderwang/Library/Python/2.7/lib/python/site-packages:/Users/mingderwang/.rvm/bin://Users/mingderwang/godir/bin:/Users/mingderwang/src/keyCloak/keycloak-3.0.0.Final/bin:/Users/mingderwang/activator-dist-1.3.12/bin
10 verbose lifecycle kibana-react-d3-app@0.0.1~start: CWD: /Users/mingderwang/src/turboteam/yo/kibana-react-d3-app
11 silly lifecycle kibana-react-d3-app@0.0.1~start: Args: [ '-c', 'gulp dev' ]
12 silly lifecycle kibana-react-d3-app@0.0.1~start: Returned: code: 1  signal: null
13 info lifecycle kibana-react-d3-app@0.0.1~start: Failed to exec start script
14 verbose stack Error: kibana-react-d3-app@0.0.1 start: `gulp dev`
14 verbose stack Exit status 1
14 verbose stack     at EventEmitter.<anonymous> (/Users/mingderwang/.nvm/versions/node/v6.10.2/lib/node_modules/npm/lib/utils/lifecycle.js:255:16)
14 verbose stack     at emitTwo (events.js:106:13)
14 verbose stack     at EventEmitter.emit (events.js:191:7)
14 verbose stack     at ChildProcess.<anonymous> (/Users/mingderwang/.nvm/versions/node/v6.10.2/lib/node_modules/npm/lib/utils/spawn.js:40:14)
14 verbose stack     at emitTwo (events.js:106:13)
14 verbose stack     at ChildProcess.emit (events.js:191:7)
14 verbose stack     at maybeClose (internal/child_process.js:886:16)
14 verbose stack     at Process.ChildProcess._handle.onexit (internal/child_process.js:226:5)
15 verbose pkgid kibana-react-d3-app@0.0.1
16 verbose cwd /Users/mingderwang/src/turboteam/yo/kibana-react-d3-app
17 error Darwin 16.5.0
18 error argv "/Users/mingderwang/.nvm/versions/node/v6.10.2/bin/node" "/Users/mingderwang/.nvm/versions/node/v6.10.2/bin/npm" "start"
19 error node v6.10.2
20 error npm  v3.10.10
21 error code ELIFECYCLE
22 error kibana-react-d3-app@0.0.1 start: `gulp dev`
22 error Exit status 1
23 error Failed at the kibana-react-d3-app@0.0.1 start script 'gulp dev'.
23 error Make sure you have the latest version of node.js and npm installed.
23 error If you do, this is most likely a problem with the kibana-react-d3-app package,
23 error not with npm itself.
23 error Tell the author that this fails on your system:
23 error     gulp dev
23 error You can get information on how to open an issue for this project with:
23 error     npm bugs kibana-react-d3-app
23 error Or if that isn't available, you can get their info via:
23 error     npm owner ls kibana-react-d3-app
23 error There is likely additional logging output above.
24 verbose exit [ 1, true ]
